<?xml version="1.0" encoding="UTF-8"?>
<testsuites name="API" time="4" tests="1" failures="0" errors="0">
   <testsuite name="API" tests="1" failures="0" errors="0" time="4" timestamp="2018-09-01 11:14:12" hostname="Vimukthi - 192.168.1.4" id="Test Suites/API">
      <properties>
         <property name="deviceName" value=""/>
         <property name="devicePlatform" value=""/>
         <property name="logFolder" value="C:\\Users\\Vimukthi\\Katalon Studio\\API\\Reports\\API\\20180901_111405"/>
         <property name="logFiles" value="C:\\Users\\Vimukthi\\Katalon Studio\\API\\Reports\\API\\20180901_111405\\execution0.log"/>
         <property name="attachments" value=""/>
         <property name="hostName" value="Vimukthi - 192.168.1.4"/>
         <property name="hostAddress" value="192.168.1.4"/>
         <property name="os" value="Windows 8.1 64bit"/>
         <property name="katalonVersion" value="5.6.1.1"/>
      </properties>
      <testcase name="Test Cases/GETCase" classname="Test Cases/GETCase" status="PASSED">
         <system-out><![CDATA[2018-09-01 11:14:13 - [TEST_CASE][PASSED] - Test Cases/GETCase: Test Cases/GETCase

2018-09-01 11:14:13 - [TEST_STEP][PASSED] - Statement - response = com.kms.katalon.core.webservice.keyword.WSBuiltInKeywords.sendRequest(com.kms.katalon.core.testobject.ObjectRepository.findTestObject(GET issue with specified key)): Send request successfully

2018-09-01 11:14:16 - [MESSAGE][PASSED] - Send request successfully

2018-09-01 11:14:16 - [TEST_STEP][PASSED] - verifyResponseStatusCode: Verify response status code successfully

2018-09-01 11:14:16 - [MESSAGE][PASSED] - Verify response status code successfully

2018-09-01 11:14:16 - [TEST_STEP][PASSED] - verifyElementPropertyValue: Verify element property value successfully

2018-09-01 11:14:16 - [MESSAGE][PASSED] - Verify element property value successfully]]></system-out>
         <system-err><![CDATA[]]></system-err>
      </testcase>
      <system-out><![CDATA[2018-09-01 11:14:12 - [TEST_SUITE][PASSED] - API: Test Cases/GETCase]]></system-out>
      <system-err><![CDATA[]]></system-err>
   </testsuite>
</testsuites>
